2017-11-01 22:22:58 : sendMail
2017-11-01 22:22:58 : Gonzalez
2017-11-01 22:22:58 : 
2017-11-01 22:22:58 : xavier@gonzalez.pm
2017-11-01 22:22:58 : dfsfs
2017-11-01 22:22:58 : 
2017-11-01 22:22:58 : dfsdfsdf
2017-11-01 22:22:58 : on
2017-11-01 23:08:08 : /admin/fileman2/php/upload.php
2017-11-01 23:08:08 : /Applications/XAMPP/xamppfiles/web/lacouturethumbs/2013_10_18_11.50.07.jpg
2017-11-01 23:09:29 : /admin/fileman2/php/upload.php
2017-11-01 23:09:29 : /Applications/XAMPP/xamppfiles/web/lacouturethumbs/2013_10_18_11.50.07.jpg
2017-11-01 23:11:49 : /admin/fileman2/php/upload.php
2017-11-01 23:11:49 : /Applications/XAMPP/xamppfiles/web/lacouturethumbs/Screenshot_2017_11_02_00.11.20.png
2017-11-02 00:36:24 : false
2017-11-02 00:36:24 : Inscription réalisée avec succès
2017-11-02 00:36:24 : 
2017-11-02 00:36:24 : xavier@yahooo.fr
2017-11-02 00:36:24 : 
2017-11-02 00:36:24 : 
2017-11-02 00:36:30 : false
2017-11-02 00:36:30 : Inscription réalisée avec succès
2017-11-02 00:36:30 : 
2017-11-02 00:36:30 : xavier@yahooo.fr
2017-11-02 00:36:30 : 
2017-11-02 00:36:30 : 
2017-11-02 00:37:20 : false
2017-11-02 00:37:20 : Inscription réalisée avec succès
2017-11-02 00:37:20 : 
2017-11-02 00:37:20 : xavier@yahooo.fr
2017-11-02 00:37:20 : 
2017-11-02 00:37:20 : 
2017-11-02 00:38:05 : false
2017-11-02 00:38:05 : Inscription réalisée avec succès
2017-11-02 00:38:05 : 
2017-11-02 00:38:05 : xavier@yahooo.fr
2017-11-02 00:38:05 : 
2017-11-02 00:38:05 : 
2017-11-02 00:38:07 : false
2017-11-02 00:38:07 : Inscription réalisée avec succès
2017-11-02 00:38:07 : 
2017-11-02 00:38:07 : xavier@yahooo.fr
2017-11-02 00:38:07 : 
2017-11-02 00:38:07 : 
2017-11-02 00:38:23 : false
2017-11-02 00:38:23 : Inscription réalisée avec succès
2017-11-02 00:38:23 : 
2017-11-02 00:38:23 : xavier@yahooo.fr
2017-11-02 00:38:23 : 
2017-11-02 00:38:23 : 
2017-11-01 23:52:18 : /admin/fileman2/php/upload.php
2017-11-01 23:52:18 : /Applications/XAMPP/xamppfiles/web/lacouturethumbs/lan_dernier_environ_200_personne.jpg
